{"name":"On My Page adjust base tariff","status":"failed","statusDetails":{"known":false,"muted":false,"flaky":false,"message":"Expected condition failed: waiting for element to be clickable: Located by By.chained({By.id: com.matrixx.android.branding:id/overflow}) (tried for 30 second(s) with 500 milliseconds interval)","trace":"java.lang.AssertionError: Expected condition failed: waiting for element to be clickable: Located by By.chained({By.id: com.matrixx.android.branding:id/overflow}) (tried for 30 second(s) with 500 milliseconds interval)\n\tat org.testng.Assert.fail(Assert.java:97)\n\tat stepdefs.screens.MyPageScreen.clickAdjustBttn(MyPageScreen.java:129)\n\tat stepdefs.MyPageSteps.set_tarrif_data_sms_voice(MyPageSteps.java:16)\n\tat ✽.User adjust the base tariff as Data \"5120\" SMS \"300\" VOICE \"300\"(file:///Users/rajbazar/demoapp-qa/src/test/features/mypage.feature:7)\n"},"stage":"finished","steps":[{"name":"When  User on My page screen","status":"passed","statusDetails":{"known":false,"muted":false,"flaky":false},"stage":"finished","steps":[{"name":"verifyMyPageElement","status":"passed","stage":"finished","steps":[],"attachments":[],"parameters":[],"start":1587211447070,"stop":1587211453179}],"attachments":[],"parameters":[],"start":1587211447041,"stop":1587211453182},{"name":"Then  User adjust the base tariff as Data \"5120\" SMS \"300\" VOICE \"300\"","status":"failed","statusDetails":{"known":false,"muted":false,"flaky":false,"message":"Expected condition failed: waiting for element to be clickable: Located by By.chained({By.id: com.matrixx.android.branding:id/overflow}) (tried for 30 second(s) with 500 milliseconds interval)","trace":"java.lang.AssertionError: Expected condition failed: waiting for element to be clickable: Located by By.chained({By.id: com.matrixx.android.branding:id/overflow}) (tried for 30 second(s) with 500 milliseconds interval)\n\tat org.testng.Assert.fail(Assert.java:97)\n\tat stepdefs.screens.MyPageScreen.clickAdjustBttn(MyPageScreen.java:129)\n\tat stepdefs.MyPageSteps.set_tarrif_data_sms_voice(MyPageSteps.java:16)\n\tat ✽.User adjust the base tariff as Data \"5120\" SMS \"300\" VOICE \"300\"(file:///Users/rajbazar/demoapp-qa/src/test/features/mypage.feature:7)\n"},"stage":"finished","steps":[{"name":"clickAdjustBttn","status":"failed","statusDetails":{"known":false,"muted":false,"flaky":false,"message":"Expected condition failed: waiting for element to be clickable: Located by By.chained({By.id: com.matrixx.android.branding:id/overflow}) (tried for 30 second(s) with 500 milliseconds interval)","trace":"java.lang.AssertionError: Expected condition failed: waiting for element to be clickable: Located by By.chained({By.id: com.matrixx.android.branding:id/overflow}) (tried for 30 second(s) with 500 milliseconds interval)\n\tat org.testng.Assert.fail(Assert.java:97)\n\tat stepdefs.screens.MyPageScreen.clickAdjustBttn(MyPageScreen.java:129)\n\tat stepdefs.MyPageSteps.set_tarrif_data_sms_voice(MyPageSteps.java:16)\n\tat java.base/jdk.internal.reflect.NativeMethodAccessorImpl.invoke0(Native Method)\n\tat java.base/jdk.internal.reflect.NativeMethodAccessorImpl.invoke(NativeMethodAccessorImpl.java:62)\n\tat java.base/jdk.internal.reflect.DelegatingMethodAccessorImpl.invoke(DelegatingMethodAccessorImpl.java:43)\n\tat java.base/java.lang.reflect.Method.invoke(Method.java:564)\n\tat io.cucumber.java.Invoker.invoke(Invoker.java:27)\n\tat io.cucumber.java.JavaStepDefinition.execute(JavaStepDefinition.java:27)\n\tat io.cucumber.core.runner.PickleStepDefinitionMatch.runStep(PickleStepDefinitionMatch.java:63)\n\tat io.cucumber.core.runner.TestStep.executeStep(TestStep.java:64)\n\tat io.cucumber.core.runner.TestStep.run(TestStep.java:49)\n\tat io.cucumber.core.runner.PickleStepTestStep.run(PickleStepTestStep.java:46)\n\tat io.cucumber.core.runner.TestCase.run(TestCase.java:51)\n\tat io.cucumber.core.runner.Runner.runPickle(Runner.java:66)\n\tat io.cucumber.testng.TestNGCucumberRunner.runScenario(TestNGCucumberRunner.java:120)\n\tat io.cucumber.testng.AbstractTestNGCucumberTests.runScenario(AbstractTestNGCucumberTests.java:29)\n\tat java.base/jdk.internal.reflect.NativeMethodAccessorImpl.invoke0(Native Method)\n\tat java.base/jdk.internal.reflect.NativeMethodAccessorImpl.invoke(NativeMethodAccessorImpl.java:62)\n\tat java.base/jdk.internal.reflect.DelegatingMethodAccessorImpl.invoke(DelegatingMethodAccessorImpl.java:43)\n\tat java.base/java.lang.reflect.Method.invoke(Method.java:564)\n\tat org.testng.internal.MethodInvocationHelper.invokeMethod(MethodInvocationHelper.java:134)\n\tat org.testng.internal.TestInvoker.invokeMethod(TestInvoker.java:597)\n\tat org.testng.internal.TestInvoker.invokeTestMethod(TestInvoker.java:173)\n\tat org.testng.internal.MethodRunner.runInSequence(MethodRunner.java:46)\n\tat org.testng.internal.TestInvoker$MethodInvocationAgent.invoke(TestInvoker.java:816)\n\tat org.testng.internal.TestInvoker.invokeTestMethods(TestInvoker.java:146)\n\tat org.testng.internal.TestMethodWorker.invokeTestMethods(TestMethodWorker.java:146)\n\tat org.testng.internal.TestMethodWorker.run(TestMethodWorker.java:128)\n\tat java.base/java.util.ArrayList.forEach(ArrayList.java:1378)\n\tat org.testng.TestRunner.privateRun(TestRunner.java:766)\n\tat org.testng.TestRunner.run(TestRunner.java:587)\n\tat org.testng.SuiteRunner.runTest(SuiteRunner.java:384)\n\tat org.testng.SuiteRunner.runSequentially(SuiteRunner.java:378)\n\tat org.testng.SuiteRunner.privateRun(SuiteRunner.java:337)\n\tat org.testng.SuiteRunner.run(SuiteRunner.java:286)\n\tat org.testng.SuiteRunnerWorker.runSuite(SuiteRunnerWorker.java:53)\n\tat org.testng.SuiteRunnerWorker.run(SuiteRunnerWorker.java:96)\n\tat org.testng.TestNG.runSuitesSequentially(TestNG.java:1187)\n\tat org.testng.TestNG.runSuitesLocally(TestNG.java:1109)\n\tat org.testng.TestNG.runSuites(TestNG.java:1039)\n\tat org.testng.TestNG.run(TestNG.java:1007)\n\tat com.intellij.rt.testng.IDEARemoteTestNG.run(IDEARemoteTestNG.java:66)\n\tat com.intellij.rt.testng.RemoteTestNGStarter.main(RemoteTestNGStarter.java:110)\n"},"stage":"finished","steps":[],"attachments":[{"name":"My Page Screen","source":"ef3bd235-9862-4a05-af6e-f39a7349c1ac-attachment"}],"parameters":[],"start":1587211453183,"stop":1587211483762}],"attachments":[],"parameters":[],"start":1587211453183,"stop":1587211483765}],"attachments":[],"parameters":[],"start":1587211436921,"stop":1587211484214,"uuid":"0cdd50f7-0cf4-4822-aec5-5aea057655c7","historyId":"44a1a143940fca2da267f05607a17334","fullName":"My Page: On My Page adjust base tariff","labels":[{"name":"tag","value":"RunTag"},{"name":"host","value":"192.168.1.5"},{"name":"thread","value":"44652@192.168.1.5.main(1)"},{"name":"feature","value":"My Page"},{"name":"story","value":"On My Page adjust base tariff"},{"name":"suite","value":"My Page"},{"name":"testClass","value":"On My Page adjust base tariff"},{"name":"framework","value":"cucumber4jvm"},{"name":"language","value":"java"},{"name":"gherkin_uri","value":"file:///Users/rajbazar/demoapp-qa/src/test/features/mypage.feature"},{"name":"package","value":"src.test.features.mypage_feature.My Page"}],"links":[]}