{"name":"Login with valid user","status":"failed","statusDetails":{"known":false,"muted":false,"flaky":false,"message":"Expected condition failed: waiting for element to be clickable: Located by By.chained({By.xpath: //android.widget.TextView[contains(@text,'MY PAGE')]}) (tried for 30 second(s) with 500 milliseconds interval)","trace":"java.lang.AssertionError: Expected condition failed: waiting for element to be clickable: Located by By.chained({By.xpath: //android.widget.TextView[contains(@text,'MY PAGE')]}) (tried for 30 second(s) with 500 milliseconds interval)\n\tat org.testng.Assert.fail(Assert.java:97)\n\tat stepdefs.screens.MyPageScreen.verifyMyPageElement(MyPageScreen.java:119)\n\tat stepdefs.LoginSteps.user_login_valid_id(LoginSteps.java:100)\n\tat ✽.User logs in with correct credentials(file:///Users/rajbazar/demoapp-qa/src/test/features/login.feature:11)\n"},"stage":"finished","steps":[{"name":"Given  App is installed and launched and user logged out","status":"passed","statusDetails":{"known":false,"muted":false,"flaky":false},"stage":"finished","steps":[{"name":"acceptTCAndSignup","status":"passed","stage":"finished","steps":[],"attachments":[],"parameters":[],"start":1587214496701,"stop":1587214499674},{"name":"skipTour","status":"passed","stage":"finished","steps":[],"attachments":[],"parameters":[],"start":1587214499674,"stop":1587214501570},{"name":"select2GBDataAndSave","status":"passed","stage":"finished","steps":[],"attachments":[],"parameters":[],"start":1587214501571,"stop":1587214505259},{"name":"completeSurvey","status":"passed","stage":"finished","steps":[],"attachments":[],"parameters":[],"start":1587214506594,"stop":1587214509441},{"name":"continueActivation","status":"passed","stage":"finished","steps":[],"attachments":[],"parameters":[],"start":1587214511157,"stop":1587214511876},{"name":"inputPhoneNumberAndContinue","status":"passed","stage":"finished","steps":[],"attachments":[],"parameters":[],"start":1587214511877,"stop":1587214514588},{"name":"useDummySmsCode","status":"passed","stage":"finished","steps":[],"attachments":[],"parameters":[],"start":1587214514589,"stop":1587214516813},{"name":"registerDummySubscriber","status":"passed","stage":"finished","steps":[],"attachments":[],"parameters":[],"start":1587214516814,"stop":1587214521303},{"name":"selectVoucher","status":"passed","stage":"finished","steps":[],"attachments":[],"parameters":[],"start":1587214521303,"stop":1587214523751},{"name":"topup","status":"passed","stage":"finished","steps":[],"attachments":[],"parameters":[],"start":1587214523751,"stop":1587214524527},{"name":"topUpUsingDummyVoucher","status":"passed","stage":"finished","steps":[],"attachments":[],"parameters":[],"start":1587214524527,"stop":1587214526282},{"name":"topup","status":"passed","stage":"finished","steps":[],"attachments":[],"parameters":[],"start":1587214526283,"stop":1587214528103},{"name":"continueToMyPage","status":"passed","stage":"finished","steps":[],"attachments":[],"parameters":[],"start":1587214528104,"stop":1587214530357},{"name":"logout","status":"passed","stage":"finished","steps":[],"attachments":[],"parameters":[],"start":1587214530357,"stop":1587214536931}],"attachments":[],"parameters":[],"start":1587214496676,"stop":1587214536933},{"name":"When  User logs in with correct credentials","status":"failed","statusDetails":{"known":false,"muted":false,"flaky":false,"message":"Expected condition failed: waiting for element to be clickable: Located by By.chained({By.xpath: //android.widget.TextView[contains(@text,'MY PAGE')]}) (tried for 30 second(s) with 500 milliseconds interval)","trace":"java.lang.AssertionError: Expected condition failed: waiting for element to be clickable: Located by By.chained({By.xpath: //android.widget.TextView[contains(@text,'MY PAGE')]}) (tried for 30 second(s) with 500 milliseconds interval)\n\tat org.testng.Assert.fail(Assert.java:97)\n\tat stepdefs.screens.MyPageScreen.verifyMyPageElement(MyPageScreen.java:119)\n\tat stepdefs.LoginSteps.user_login_valid_id(LoginSteps.java:100)\n\tat ✽.User logs in with correct credentials(file:///Users/rajbazar/demoapp-qa/src/test/features/login.feature:11)\n"},"stage":"finished","steps":[{"name":"clickSignIN","status":"passed","stage":"finished","steps":[],"attachments":[],"parameters":[],"start":1587214536935,"stop":1587214541530},{"name":"enterValidLoginUserID","status":"passed","stage":"finished","steps":[],"attachments":[],"parameters":[],"start":1587214541530,"stop":1587214544678},{"name":"verifyMyPageElement","status":"failed","statusDetails":{"known":false,"muted":false,"flaky":false,"message":"Expected condition failed: waiting for element to be clickable: Located by By.chained({By.xpath: //android.widget.TextView[contains(@text,'MY PAGE')]}) (tried for 30 second(s) with 500 milliseconds interval)","trace":"java.lang.AssertionError: Expected condition failed: waiting for element to be clickable: Located by By.chained({By.xpath: //android.widget.TextView[contains(@text,'MY PAGE')]}) (tried for 30 second(s) with 500 milliseconds interval)\n\tat org.testng.Assert.fail(Assert.java:97)\n\tat stepdefs.screens.MyPageScreen.verifyMyPageElement(MyPageScreen.java:119)\n\tat stepdefs.LoginSteps.user_login_valid_id(LoginSteps.java:100)\n\tat java.base/jdk.internal.reflect.NativeMethodAccessorImpl.invoke0(Native Method)\n\tat java.base/jdk.internal.reflect.NativeMethodAccessorImpl.invoke(NativeMethodAccessorImpl.java:62)\n\tat java.base/jdk.internal.reflect.DelegatingMethodAccessorImpl.invoke(DelegatingMethodAccessorImpl.java:43)\n\tat java.base/java.lang.reflect.Method.invoke(Method.java:564)\n\tat io.cucumber.java.Invoker.invoke(Invoker.java:27)\n\tat io.cucumber.java.JavaStepDefinition.execute(JavaStepDefinition.java:27)\n\tat io.cucumber.core.runner.PickleStepDefinitionMatch.runStep(PickleStepDefinitionMatch.java:63)\n\tat io.cucumber.core.runner.TestStep.executeStep(TestStep.java:64)\n\tat io.cucumber.core.runner.TestStep.run(TestStep.java:49)\n\tat io.cucumber.core.runner.PickleStepTestStep.run(PickleStepTestStep.java:46)\n\tat io.cucumber.core.runner.TestCase.run(TestCase.java:51)\n\tat io.cucumber.core.runner.Runner.runPickle(Runner.java:66)\n\tat io.cucumber.testng.TestNGCucumberRunner.runScenario(TestNGCucumberRunner.java:120)\n\tat io.cucumber.testng.AbstractTestNGCucumberTests.runScenario(AbstractTestNGCucumberTests.java:29)\n\tat java.base/jdk.internal.reflect.NativeMethodAccessorImpl.invoke0(Native Method)\n\tat java.base/jdk.internal.reflect.NativeMethodAccessorImpl.invoke(NativeMethodAccessorImpl.java:62)\n\tat java.base/jdk.internal.reflect.DelegatingMethodAccessorImpl.invoke(DelegatingMethodAccessorImpl.java:43)\n\tat java.base/java.lang.reflect.Method.invoke(Method.java:564)\n\tat org.testng.internal.MethodInvocationHelper.invokeMethod(MethodInvocationHelper.java:134)\n\tat org.testng.internal.TestInvoker.invokeMethod(TestInvoker.java:597)\n\tat org.testng.internal.TestInvoker.invokeTestMethod(TestInvoker.java:173)\n\tat org.testng.internal.MethodRunner.runInSequence(MethodRunner.java:46)\n\tat org.testng.internal.TestInvoker$MethodInvocationAgent.invoke(TestInvoker.java:816)\n\tat org.testng.internal.TestInvoker.invokeTestMethods(TestInvoker.java:146)\n\tat org.testng.internal.TestMethodWorker.invokeTestMethods(TestMethodWorker.java:146)\n\tat org.testng.internal.TestMethodWorker.run(TestMethodWorker.java:128)\n\tat java.base/java.util.ArrayList.forEach(ArrayList.java:1378)\n\tat org.testng.TestRunner.privateRun(TestRunner.java:766)\n\tat org.testng.TestRunner.run(TestRunner.java:587)\n\tat org.testng.SuiteRunner.runTest(SuiteRunner.java:384)\n\tat org.testng.SuiteRunner.runSequentially(SuiteRunner.java:378)\n\tat org.testng.SuiteRunner.privateRun(SuiteRunner.java:337)\n\tat org.testng.SuiteRunner.run(SuiteRunner.java:286)\n\tat org.testng.SuiteRunnerWorker.runSuite(SuiteRunnerWorker.java:53)\n\tat org.testng.SuiteRunnerWorker.run(SuiteRunnerWorker.java:96)\n\tat org.testng.TestNG.runSuitesSequentially(TestNG.java:1187)\n\tat org.testng.TestNG.runSuitesLocally(TestNG.java:1109)\n\tat org.testng.TestNG.runSuites(TestNG.java:1039)\n\tat org.testng.TestNG.run(TestNG.java:1007)\n\tat com.intellij.rt.testng.IDEARemoteTestNG.run(IDEARemoteTestNG.java:66)\n\tat com.intellij.rt.testng.RemoteTestNGStarter.main(RemoteTestNGStarter.java:110)\n"},"stage":"finished","steps":[],"attachments":[{"name":"My Page Screen","source":"d967adde-acf2-4459-9b99-b8e5574fe83e-attachment"}],"parameters":[],"start":1587214544678,"stop":1587214576010}],"attachments":[],"parameters":[],"start":1587214536934,"stop":1587214576012},{"name":"Then  User reaches home screen","status":"skipped","statusDetails":{"known":false,"muted":false,"flaky":false},"stage":"finished","steps":[],"attachments":[],"parameters":[],"start":1587214576013,"stop":1587214576013}],"attachments":[],"parameters":[],"start":1587214486157,"stop":1587214576487,"uuid":"bb1ab5c6-045f-44da-a72f-597448a8260b","historyId":"d69be5aa5deaa719ebcf419dce197570","fullName":"Login User: Login with valid user","labels":[{"name":"tag","value":"RunTag"},{"name":"host","value":"192.168.1.5"},{"name":"thread","value":"48130@192.168.1.5.main(1)"},{"name":"feature","value":"Login User"},{"name":"story","value":"Login with valid user"},{"name":"suite","value":"Login User"},{"name":"testClass","value":"Login with valid user"},{"name":"framework","value":"cucumber4jvm"},{"name":"language","value":"java"},{"name":"gherkin_uri","value":"file:///Users/rajbazar/demoapp-qa/src/test/features/login.feature"},{"name":"package","value":"src.test.features.login_feature.Login User"}],"links":[]}