{"name":"User Choose to Top Up Tariff bundle","status":"failed","statusDetails":{"known":false,"muted":false,"flaky":false,"message":"An element could not be located on the page using the given search parameters.\nFor documentation on this error, please visit: https://www.seleniumhq.org/exceptions/no_such_element.html\nBuild info: version: '3.141.59', revision: 'e82be7d358', time: '2018-11-14T08:17:03'\nSystem info: host: '192.168.1.5', ip: 'fe80:0:0:0:a3:cca8:dde3:af7a%en0', os.name: 'Mac OS X', os.arch: 'x86_64', os.version: '10.15.4', java.version: '10.0.1'\nDriver info: io.appium.java_client.android.AndroidDriver\nCapabilities {allowTestPackages: true, app: /Users/rajbazar/demoapp-qa/..., appActivity: .activity.SplashActivity, appPackage: com.matrixx.android, autoGrantPermissions: true, automationName: UiAutomator2, avd: Pixel_3a_API_28, databaseEnabled: false, desired: {allowTestPackages: true, app: /Users/rajbazar/demoapp-qa/..., appActivity: .activity.SplashActivity, appPackage: com.matrixx.android, autoGrantPermissions: true, automationName: UiAutomator2, avd: Pixel_3a_API_28, deviceName: Android Emulator, platformName: android}, deviceApiLevel: 28, deviceManufacturer: Google, deviceModel: Android SDK built for x86, deviceName: emulator-5554, deviceScreenDensity: 440, deviceScreenSize: 1080x2220, deviceUDID: emulator-5554, javascriptEnabled: true, locationContextEnabled: false, networkConnectionEnabled: true, pixelRatio: 2.75, platform: LINUX, platformName: Android, platformVersion: 9, statBarHeight: 66, takesScreenshot: true, viewportRect: {height: 2022, left: 0, top: 66, width: 1080}, warnings: {}, webStorageEnabled: false}\nSession ID: 6096bfc1-6352-49ea-956c-5f247de83231\n*** Element info: {Using=xpath, value=//android.widget.FrameLayout[2]//android.widget.TextView[contains(@text,'300')]}","trace":"java.lang.AssertionError: An element could not be located on the page using the given search parameters.\nFor documentation on this error, please visit: https://www.seleniumhq.org/exceptions/no_such_element.html\nBuild info: version: '3.141.59', revision: 'e82be7d358', time: '2018-11-14T08:17:03'\nSystem info: host: '192.168.1.5', ip: 'fe80:0:0:0:a3:cca8:dde3:af7a%en0', os.name: 'Mac OS X', os.arch: 'x86_64', os.version: '10.15.4', java.version: '10.0.1'\nDriver info: io.appium.java_client.android.AndroidDriver\nCapabilities {allowTestPackages: true, app: /Users/rajbazar/demoapp-qa/..., appActivity: .activity.SplashActivity, appPackage: com.matrixx.android, autoGrantPermissions: true, automationName: UiAutomator2, avd: Pixel_3a_API_28, databaseEnabled: false, desired: {allowTestPackages: true, app: /Users/rajbazar/demoapp-qa/..., appActivity: .activity.SplashActivity, appPackage: com.matrixx.android, autoGrantPermissions: true, automationName: UiAutomator2, avd: Pixel_3a_API_28, deviceName: Android Emulator, platformName: android}, deviceApiLevel: 28, deviceManufacturer: Google, deviceModel: Android SDK built for x86, deviceName: emulator-5554, deviceScreenDensity: 440, deviceScreenSize: 1080x2220, deviceUDID: emulator-5554, javascriptEnabled: true, locationContextEnabled: false, networkConnectionEnabled: true, pixelRatio: 2.75, platform: LINUX, platformName: Android, platformVersion: 9, statBarHeight: 66, takesScreenshot: true, viewportRect: {height: 2022, left: 0, top: 66, width: 1080}, warnings: {}, webStorageEnabled: false}\nSession ID: 6096bfc1-6352-49ea-956c-5f247de83231\n*** Element info: {Using=xpath, value=//android.widget.FrameLayout[2]//android.widget.TextView[contains(@text,'300')]}\n\tat org.testng.Assert.fail(Assert.java:97)\n\tat stepdefs.screens.MyPageScreen.setTarrifTopupSms(MyPageScreen.java:180)\n\tat stepdefs.MyPageSteps.set_topup_data_sms_voice(MyPageSteps.java:49)\n\tat ✽.User choose to Top Up Tariff Bundle as Data \"100\" SMS \"300\" VOICE \"300\"(file:///Users/rajbazar/demoapp-qa/src/test/features/mypage.feature:12)\n"},"stage":"finished","steps":[{"name":"Given  App is installed and launched and user logged in","status":"passed","statusDetails":{"known":false,"muted":false,"flaky":false},"stage":"finished","steps":[{"name":"acceptTCAndSignin","status":"passed","stage":"finished","steps":[],"attachments":[],"parameters":[],"start":1587215691199,"stop":1587215694427},{"name":"enterValidLoginUserID","status":"passed","stage":"finished","steps":[],"attachments":[],"parameters":[],"start":1587215694428,"stop":1587215696589},{"name":"verifyMyPageElement","status":"passed","stage":"finished","steps":[],"attachments":[],"parameters":[],"start":1587215696589,"stop":1587215702979}],"attachments":[],"parameters":[],"start":1587215691173,"stop":1587215702981},{"name":"When  User on My page screen","status":"passed","statusDetails":{"known":false,"muted":false,"flaky":false},"stage":"finished","steps":[{"name":"verifyMyPageElement","status":"passed","stage":"finished","steps":[],"attachments":[],"parameters":[],"start":1587215702982,"stop":1587215704372}],"attachments":[],"parameters":[],"start":1587215702981,"stop":1587215704373},{"name":"Then  User choose to Top Up Tariff Bundle as Data \"100\" SMS \"300\" VOICE \"300\"","status":"failed","statusDetails":{"known":false,"muted":false,"flaky":false,"message":"An element could not be located on the page using the given search parameters.\nFor documentation on this error, please visit: https://www.seleniumhq.org/exceptions/no_such_element.html\nBuild info: version: '3.141.59', revision: 'e82be7d358', time: '2018-11-14T08:17:03'\nSystem info: host: '192.168.1.5', ip: 'fe80:0:0:0:a3:cca8:dde3:af7a%en0', os.name: 'Mac OS X', os.arch: 'x86_64', os.version: '10.15.4', java.version: '10.0.1'\nDriver info: io.appium.java_client.android.AndroidDriver\nCapabilities {allowTestPackages: true, app: /Users/rajbazar/demoapp-qa/..., appActivity: .activity.SplashActivity, appPackage: com.matrixx.android, autoGrantPermissions: true, automationName: UiAutomator2, avd: Pixel_3a_API_28, databaseEnabled: false, desired: {allowTestPackages: true, app: /Users/rajbazar/demoapp-qa/..., appActivity: .activity.SplashActivity, appPackage: com.matrixx.android, autoGrantPermissions: true, automationName: UiAutomator2, avd: Pixel_3a_API_28, deviceName: Android Emulator, platformName: android}, deviceApiLevel: 28, deviceManufacturer: Google, deviceModel: Android SDK built for x86, deviceName: emulator-5554, deviceScreenDensity: 440, deviceScreenSize: 1080x2220, deviceUDID: emulator-5554, javascriptEnabled: true, locationContextEnabled: false, networkConnectionEnabled: true, pixelRatio: 2.75, platform: LINUX, platformName: Android, platformVersion: 9, statBarHeight: 66, takesScreenshot: true, viewportRect: {height: 2022, left: 0, top: 66, width: 1080}, warnings: {}, webStorageEnabled: false}\nSession ID: 6096bfc1-6352-49ea-956c-5f247de83231\n*** Element info: {Using=xpath, value=//android.widget.FrameLayout[2]//android.widget.TextView[contains(@text,'300')]}","trace":"java.lang.AssertionError: An element could not be located on the page using the given search parameters.\nFor documentation on this error, please visit: https://www.seleniumhq.org/exceptions/no_such_element.html\nBuild info: version: '3.141.59', revision: 'e82be7d358', time: '2018-11-14T08:17:03'\nSystem info: host: '192.168.1.5', ip: 'fe80:0:0:0:a3:cca8:dde3:af7a%en0', os.name: 'Mac OS X', os.arch: 'x86_64', os.version: '10.15.4', java.version: '10.0.1'\nDriver info: io.appium.java_client.android.AndroidDriver\nCapabilities {allowTestPackages: true, app: /Users/rajbazar/demoapp-qa/..., appActivity: .activity.SplashActivity, appPackage: com.matrixx.android, autoGrantPermissions: true, automationName: UiAutomator2, avd: Pixel_3a_API_28, databaseEnabled: false, desired: {allowTestPackages: true, app: /Users/rajbazar/demoapp-qa/..., appActivity: .activity.SplashActivity, appPackage: com.matrixx.android, autoGrantPermissions: true, automationName: UiAutomator2, avd: Pixel_3a_API_28, deviceName: Android Emulator, platformName: android}, deviceApiLevel: 28, deviceManufacturer: Google, deviceModel: Android SDK built for x86, deviceName: emulator-5554, deviceScreenDensity: 440, deviceScreenSize: 1080x2220, deviceUDID: emulator-5554, javascriptEnabled: true, locationContextEnabled: false, networkConnectionEnabled: true, pixelRatio: 2.75, platform: LINUX, platformName: Android, platformVersion: 9, statBarHeight: 66, takesScreenshot: true, viewportRect: {height: 2022, left: 0, top: 66, width: 1080}, warnings: {}, webStorageEnabled: false}\nSession ID: 6096bfc1-6352-49ea-956c-5f247de83231\n*** Element info: {Using=xpath, value=//android.widget.FrameLayout[2]//android.widget.TextView[contains(@text,'300')]}\n\tat org.testng.Assert.fail(Assert.java:97)\n\tat stepdefs.screens.MyPageScreen.setTarrifTopupSms(MyPageScreen.java:180)\n\tat stepdefs.MyPageSteps.set_topup_data_sms_voice(MyPageSteps.java:49)\n\tat ✽.User choose to Top Up Tariff Bundle as Data \"100\" SMS \"300\" VOICE \"300\"(file:///Users/rajbazar/demoapp-qa/src/test/features/mypage.feature:12)\n"},"stage":"finished","steps":[{"name":"clickTopupBttn","status":"passed","stage":"finished","steps":[],"attachments":[],"parameters":[],"start":1587215704374,"stop":1587215706690},{"name":"setTarrifTopupData","status":"passed","stage":"finished","steps":[],"attachments":[],"parameters":[{"name":"val","value":"100"}],"start":1587215706691,"stop":1587215706919},{"name":"setTarrifTopupSms","status":"failed","statusDetails":{"known":false,"muted":false,"flaky":false,"message":"An element could not be located on the page using the given search parameters.\nFor documentation on this error, please visit: https://www.seleniumhq.org/exceptions/no_such_element.html\nBuild info: version: '3.141.59', revision: 'e82be7d358', time: '2018-11-14T08:17:03'\nSystem info: host: '192.168.1.5', ip: 'fe80:0:0:0:a3:cca8:dde3:af7a%en0', os.name: 'Mac OS X', os.arch: 'x86_64', os.version: '10.15.4', java.version: '10.0.1'\nDriver info: io.appium.java_client.android.AndroidDriver\nCapabilities {allowTestPackages: true, app: /Users/rajbazar/demoapp-qa/..., appActivity: .activity.SplashActivity, appPackage: com.matrixx.android, autoGrantPermissions: true, automationName: UiAutomator2, avd: Pixel_3a_API_28, databaseEnabled: false, desired: {allowTestPackages: true, app: /Users/rajbazar/demoapp-qa/..., appActivity: .activity.SplashActivity, appPackage: com.matrixx.android, autoGrantPermissions: true, automationName: UiAutomator2, avd: Pixel_3a_API_28, deviceName: Android Emulator, platformName: android}, deviceApiLevel: 28, deviceManufacturer: Google, deviceModel: Android SDK built for x86, deviceName: emulator-5554, deviceScreenDensity: 440, deviceScreenSize: 1080x2220, deviceUDID: emulator-5554, javascriptEnabled: true, locationContextEnabled: false, networkConnectionEnabled: true, pixelRatio: 2.75, platform: LINUX, platformName: Android, platformVersion: 9, statBarHeight: 66, takesScreenshot: true, viewportRect: {height: 2022, left: 0, top: 66, width: 1080}, warnings: {}, webStorageEnabled: false}\nSession ID: 6096bfc1-6352-49ea-956c-5f247de83231\n*** Element info: {Using=xpath, value=//android.widget.FrameLayout[2]//android.widget.TextView[contains(@text,'300')]}","trace":"java.lang.AssertionError: An element could not be located on the page using the given search parameters.\nFor documentation on this error, please visit: https://www.seleniumhq.org/exceptions/no_such_element.html\nBuild info: version: '3.141.59', revision: 'e82be7d358', time: '2018-11-14T08:17:03'\nSystem info: host: '192.168.1.5', ip: 'fe80:0:0:0:a3:cca8:dde3:af7a%en0', os.name: 'Mac OS X', os.arch: 'x86_64', os.version: '10.15.4', java.version: '10.0.1'\nDriver info: io.appium.java_client.android.AndroidDriver\nCapabilities {allowTestPackages: true, app: /Users/rajbazar/demoapp-qa/..., appActivity: .activity.SplashActivity, appPackage: com.matrixx.android, autoGrantPermissions: true, automationName: UiAutomator2, avd: Pixel_3a_API_28, databaseEnabled: false, desired: {allowTestPackages: true, app: /Users/rajbazar/demoapp-qa/..., appActivity: .activity.SplashActivity, appPackage: com.matrixx.android, autoGrantPermissions: true, automationName: UiAutomator2, avd: Pixel_3a_API_28, deviceName: Android Emulator, platformName: android}, deviceApiLevel: 28, deviceManufacturer: Google, deviceModel: Android SDK built for x86, deviceName: emulator-5554, deviceScreenDensity: 440, deviceScreenSize: 1080x2220, deviceUDID: emulator-5554, javascriptEnabled: true, locationContextEnabled: false, networkConnectionEnabled: true, pixelRatio: 2.75, platform: LINUX, platformName: Android, platformVersion: 9, statBarHeight: 66, takesScreenshot: true, viewportRect: {height: 2022, left: 0, top: 66, width: 1080}, warnings: {}, webStorageEnabled: false}\nSession ID: 6096bfc1-6352-49ea-956c-5f247de83231\n*** Element info: {Using=xpath, value=//android.widget.FrameLayout[2]//android.widget.TextView[contains(@text,'300')]}\n\tat org.testng.Assert.fail(Assert.java:97)\n\tat stepdefs.screens.MyPageScreen.setTarrifTopupSms(MyPageScreen.java:180)\n\tat stepdefs.MyPageSteps.set_topup_data_sms_voice(MyPageSteps.java:49)\n\tat java.base/jdk.internal.reflect.NativeMethodAccessorImpl.invoke0(Native Method)\n\tat java.base/jdk.internal.reflect.NativeMethodAccessorImpl.invoke(NativeMethodAccessorImpl.java:62)\n\tat java.base/jdk.internal.reflect.DelegatingMethodAccessorImpl.invoke(DelegatingMethodAccessorImpl.java:43)\n\tat java.base/java.lang.reflect.Method.invoke(Method.java:564)\n\tat io.cucumber.java.Invoker.invoke(Invoker.java:27)\n\tat io.cucumber.java.JavaStepDefinition.execute(JavaStepDefinition.java:27)\n\tat io.cucumber.core.runner.PickleStepDefinitionMatch.runStep(PickleStepDefinitionMatch.java:63)\n\tat io.cucumber.core.runner.TestStep.executeStep(TestStep.java:64)\n\tat io.cucumber.core.runner.TestStep.run(TestStep.java:49)\n\tat io.cucumber.core.runner.PickleStepTestStep.run(PickleStepTestStep.java:46)\n\tat io.cucumber.core.runner.TestCase.run(TestCase.java:51)\n\tat io.cucumber.core.runner.Runner.runPickle(Runner.java:66)\n\tat io.cucumber.testng.TestNGCucumberRunner.runScenario(TestNGCucumberRunner.java:120)\n\tat io.cucumber.testng.AbstractTestNGCucumberTests.runScenario(AbstractTestNGCucumberTests.java:29)\n\tat java.base/jdk.internal.reflect.NativeMethodAccessorImpl.invoke0(Native Method)\n\tat java.base/jdk.internal.reflect.NativeMethodAccessorImpl.invoke(NativeMethodAccessorImpl.java:62)\n\tat java.base/jdk.internal.reflect.DelegatingMethodAccessorImpl.invoke(DelegatingMethodAccessorImpl.java:43)\n\tat java.base/java.lang.reflect.Method.invoke(Method.java:564)\n\tat org.testng.internal.MethodInvocationHelper.invokeMethod(MethodInvocationHelper.java:134)\n\tat org.testng.internal.TestInvoker.invokeMethod(TestInvoker.java:597)\n\tat org.testng.internal.TestInvoker.invokeTestMethod(TestInvoker.java:173)\n\tat org.testng.internal.MethodRunner.runInSequence(MethodRunner.java:46)\n\tat org.testng.internal.TestInvoker$MethodInvocationAgent.invoke(TestInvoker.java:816)\n\tat org.testng.internal.TestInvoker.invokeTestMethods(TestInvoker.java:146)\n\tat org.testng.internal.TestMethodWorker.invokeTestMethods(TestMethodWorker.java:146)\n\tat org.testng.internal.TestMethodWorker.run(TestMethodWorker.java:128)\n\tat java.base/java.util.ArrayList.forEach(ArrayList.java:1378)\n\tat org.testng.TestRunner.privateRun(TestRunner.java:766)\n\tat org.testng.TestRunner.run(TestRunner.java:587)\n\tat org.testng.SuiteRunner.runTest(SuiteRunner.java:384)\n\tat org.testng.SuiteRunner.runSequentially(SuiteRunner.java:378)\n\tat org.testng.SuiteRunner.privateRun(SuiteRunner.java:337)\n\tat org.testng.SuiteRunner.run(SuiteRunner.java:286)\n\tat org.testng.SuiteRunnerWorker.runSuite(SuiteRunnerWorker.java:53)\n\tat org.testng.SuiteRunnerWorker.run(SuiteRunnerWorker.java:96)\n\tat org.testng.TestNG.runSuitesSequentially(TestNG.java:1187)\n\tat org.testng.TestNG.runSuitesLocally(TestNG.java:1109)\n\tat org.testng.TestNG.runSuites(TestNG.java:1039)\n\tat org.testng.TestNG.run(TestNG.java:1007)\n\tat com.intellij.rt.testng.IDEARemoteTestNG.run(IDEARemoteTestNG.java:66)\n\tat com.intellij.rt.testng.RemoteTestNGStarter.main(RemoteTestNGStarter.java:110)\n"},"stage":"finished","steps":[],"attachments":[{"name":"Select Tarrif-Topup Screen","source":"6a6c9811-be9e-41fd-a16d-fa641fe8d286-attachment"}],"parameters":[{"name":"val","value":"300"}],"start":1587215706919,"stop":1587215707684}],"attachments":[],"parameters":[],"start":1587215704373,"stop":1587215707686}],"attachments":[],"parameters":[],"start":1587215680244,"stop":1587215708129,"uuid":"d38409f8-2e1b-4d7e-912b-6f7025a94675","historyId":"58dde47e68a6d2409a527e98b42f1454","fullName":"My Page: User Choose to Top Up Tariff bundle","labels":[{"name":"tag","value":"RunTag"},{"name":"host","value":"192.168.1.5"},{"name":"thread","value":"49841@192.168.1.5.main(1)"},{"name":"feature","value":"My Page"},{"name":"story","value":"User Choose to Top Up Tariff bundle"},{"name":"suite","value":"My Page"},{"name":"testClass","value":"User Choose to Top Up Tariff bundle"},{"name":"framework","value":"cucumber4jvm"},{"name":"language","value":"java"},{"name":"gherkin_uri","value":"file:///Users/rajbazar/demoapp-qa/src/test/features/mypage.feature"},{"name":"package","value":"src.test.features.mypage_feature.My Page"}],"links":[]}